<?xml version="1.0" encoding="UTF-8"?>
<!-- Generated by org.testng.reporters.JUnitXMLReporter -->
<testsuite ignored="0" hostname="LP2-AP-52182839" failures="0" tests="3" name="Default test" time="28.503" errors="0" timestamp="2026-07-10T18:02:10 IST">
  <testcase classname="chethan.SeleniumFrameWork.SubmitOrder" name="addToCart" time="6.556"/>
  <testcase classname="chethan.SeleniumFrameWork.SubmitOrder" name="addToCart" time="6.709"/>
  <testcase classname="chethan.SeleniumFrameWork.SubmitOrder" name="orderItemVerification" time="0.822"/>
</testsuite> <!-- Default test -->
