<?xml version="1.0" encoding="UTF-8"?>
<!-- Generated by org.testng.reporters.JUnitXMLReporter -->
<testsuite ignored="0" hostname="LP2-AP-52182839" failures="0" tests="3" name="Default test" time="28.21" errors="0" timestamp="2026-07-10T19:48:40 IST">
  <testcase classname="chethan.SeleniumFrameWork.SubmitOrder" name="addToCart" time="6.322"/>
  <testcase classname="chethan.SeleniumFrameWork.SubmitOrder" name="addToCart" time="6.6"/>
  <testcase classname="chethan.SeleniumFrameWork.SubmitOrder" name="orderItemVerification" time="0.74"/>
</testsuite> <!-- Default test -->
