<?xml version="1.0" encoding="UTF-8"?>
<!-- Generated by org.testng.reporters.JUnitXMLReporter -->
<testsuite ignored="1" hostname="LP2-AP-52182839" failures="0" tests="2" name="orderValidations" time="39.395" errors="0" timestamp="2026-05-29T14:43:24 IST">
  <testcase classname="chethan.SeleniumFrameWork.SubmitOrder1" name="addToCart" time="6.695"/>
  <testcase classname="chethan.SeleniumFrameWork.SubmitOrder1" name="addToCart" time="6.748"/>
  <testcase classname="chethan.SeleniumFrameWork.SubmitOrder1" name="orderItemVerification" time="0.0">
    <ignored/>
  </testcase> <!-- orderItemVerification -->
</testsuite> <!-- orderValidations -->
