<?xml version="1.0" encoding="UTF-8"?>
<!-- Generated by org.testng.reporters.JUnitXMLReporter -->
<testsuite ignored="0" hostname="LP2-AP-52182839" failures="1" tests="3" name="Test" time="31.554" errors="0" timestamp="2026-05-28T23:15:58 IST">
  <testcase classname="chethan.SeleniumFrameWork.SubmitOrder1" name="addToCart" time="6.999"/>
  <testcase classname="chethan.SeleniumFrameWork.ErrorValidations" name="loginError" time="0.466"/>
  <testcase classname="chethan.SeleniumFrameWork.ErrorValidations" name="productValidationError" time="5.968">
    <failure type="java.lang.AssertionError" message="expected [true] but found [false]">
      <![CDATA[java.lang.AssertionError: expected [true] but found [false]
at chethan.LandingPageObjects.CartPageObjects.productMatch(CartPageObjects.java:27)
at chethan.SeleniumFrameWork.ErrorValidations.productValidationError(ErrorValidations.java:23)
at java.base/java.util.ArrayList.forEach(ArrayList.java:1604)
... Removed 29 stack frames]]>
    </failure>
  </testcase> <!-- productValidationError -->
</testsuite> <!-- Test -->
