<?xml version="1.0" encoding="UTF-8"?>
<!-- Generated by org.testng.reporters.JUnitXMLReporter -->
<testsuite ignored="1" hostname="LP2-AP-52182839" failures="1" tests="2" name="Error Validations" time="12.672" errors="0" timestamp="2026-07-08T19:48:08 IST">
  <testcase classname="chethan.SeleniumFrameWork.ErrorValidations" name="loginError" time="1.03">
    <skipped/>
  </testcase> <!-- loginError -->
  <testcase classname="chethan.SeleniumFrameWork.ErrorValidations" name="loginError" time="0.426">
    <failure type="java.lang.AssertionError" message="expected [Incorrect email or password. ] but found [Incorrect email or password.]">
      <![CDATA[java.lang.AssertionError: expected [Incorrect email or password. ] but found [Incorrect email or password.]
at chethan.SeleniumFrameWork.ErrorValidations.loginError(ErrorValidations.java:15)
at java.base/java.util.ArrayList.forEach(ArrayList.java:1596)
... Removed 35 stack frames]]>
    </failure>
  </testcase> <!-- loginError -->
  <testcase classname="chethan.SeleniumFrameWork.ErrorValidations" name="productValidationError" time="0.0">
    <ignored/>
  </testcase> <!-- productValidationError -->
</testsuite> <!-- Error Validations -->
