<?xml version="1.0" encoding="UTF-8"?>
<testng-results ignored="0" total="3" passed="3" failed="0" skipped="0">
  <reporter-output>
  </reporter-output>
  <suite started-at="2026-07-10T18:01:41 IST" name="Default suite" finished-at="2026-07-10T18:02:10 IST" duration-ms="28503">
    <groups>
      <group name="purchaseOrder">
        <method signature="SubmitOrder.addToCart(java.util.HashMap)[pri:0, instance:chethan.SeleniumFrameWork.SubmitOrder@57a3af25]" name="addToCart" class="chethan.SeleniumFrameWork.SubmitOrder"/>
      </group> <!-- purchaseOrder -->
    </groups>
    <test started-at="2026-07-10T18:01:41 IST" name="Default test" finished-at="2026-07-10T18:02:10 IST" duration-ms="28503">
      <class name="chethan.SeleniumFrameWork.SubmitOrder">
        <test-method is-config="true" signature="launchApp()[pri:0, instance:chethan.SeleniumFrameWork.SubmitOrder@57a3af25]" started-at="2026-07-10T18:01:42 IST" name="launchApp" finished-at="2026-07-10T18:01:47 IST" duration-ms="5560" status="PASS">
          <reporter-output>
          </reporter-output>
        </test-method> <!-- launchApp -->
        <test-method signature="addToCart(java.util.HashMap)[pri:0, instance:chethan.SeleniumFrameWork.SubmitOrder@57a3af25]" started-at="2026-07-10T18:01:47 IST" name="addToCart" data-provider="getData" finished-at="2026-07-10T18:01:54 IST" duration-ms="6556" status="PASS">
          <params>
            <param index="0">
              <value>
                <![CDATA[{password=Chaithu@3, product=ZARA COAT 3, email=chethan1@gmail.com}]]>
              </value>
            </param>
          </params>
          <reporter-output>
          </reporter-output>
        </test-method> <!-- addToCart -->
        <test-method is-config="true" signature="terminate()[pri:0, instance:chethan.SeleniumFrameWork.SubmitOrder@57a3af25]" started-at="2026-07-10T18:01:54 IST" name="terminate" finished-at="2026-07-10T18:01:54 IST" duration-ms="300" status="PASS">
          <reporter-output>
          </reporter-output>
        </test-method> <!-- terminate -->
        <test-method is-config="true" signature="launchApp()[pri:0, instance:chethan.SeleniumFrameWork.SubmitOrder@57a3af25]" started-at="2026-07-10T18:01:54 IST" name="launchApp" finished-at="2026-07-10T18:01:58 IST" duration-ms="3935" status="PASS">
          <reporter-output>
          </reporter-output>
        </test-method> <!-- launchApp -->
        <test-method signature="addToCart(java.util.HashMap)[pri:0, instance:chethan.SeleniumFrameWork.SubmitOrder@57a3af25]" started-at="2026-07-10T18:01:58 IST" name="addToCart" data-provider="getData" finished-at="2026-07-10T18:02:05 IST" duration-ms="6709" status="PASS">
          <params>
            <param index="0">
              <value>
                <![CDATA[{password=Chaithu@mpl4, product=ADIDAS ORIGINAL, email=chethan12@gmail.com}]]>
              </value>
            </param>
          </params>
          <reporter-output>
          </reporter-output>
        </test-method> <!-- addToCart -->
        <test-method is-config="true" signature="terminate()[pri:0, instance:chethan.SeleniumFrameWork.SubmitOrder@57a3af25]" started-at="2026-07-10T18:02:05 IST" name="terminate" finished-at="2026-07-10T18:02:05 IST" duration-ms="325" status="PASS">
          <reporter-output>
          </reporter-output>
        </test-method> <!-- terminate -->
        <test-method is-config="true" signature="launchApp()[pri:0, instance:chethan.SeleniumFrameWork.SubmitOrder@57a3af25]" started-at="2026-07-10T18:02:05 IST" name="launchApp" finished-at="2026-07-10T18:02:09 IST" duration-ms="3812" status="PASS">
          <reporter-output>
          </reporter-output>
        </test-method> <!-- launchApp -->
        <test-method signature="orderItemVerification()[pri:0, instance:chethan.SeleniumFrameWork.SubmitOrder@57a3af25]" started-at="2026-07-10T18:02:09 IST" name="orderItemVerification" finished-at="2026-07-10T18:02:10 IST" depends-on-methods="chethan.SeleniumFrameWork.SubmitOrder.addToCart" duration-ms="822" status="PASS">
          <reporter-output>
          </reporter-output>
        </test-method> <!-- orderItemVerification -->
        <test-method is-config="true" signature="terminate()[pri:0, instance:chethan.SeleniumFrameWork.SubmitOrder@57a3af25]" started-at="2026-07-10T18:02:10 IST" name="terminate" finished-at="2026-07-10T18:02:10 IST" duration-ms="214" status="PASS">
          <reporter-output>
          </reporter-output>
        </test-method> <!-- terminate -->
      </class> <!-- chethan.SeleniumFrameWork.SubmitOrder -->
    </test> <!-- Default test -->
  </suite> <!-- Default suite -->
</testng-results>
