<?xml version="1.0" encoding="UTF-8"?>
<testng-results ignored="0" total="3" passed="3" failed="0" skipped="0">
  <reporter-output>
  </reporter-output>
  <suite started-at="2026-07-10T19:48:12 IST" name="Default suite" finished-at="2026-07-10T19:48:40 IST" duration-ms="28210">
    <groups>
      <group name="purchaseOrder">
        <method signature="SubmitOrder.addToCart(java.util.HashMap)[pri:0, instance:chethan.SeleniumFrameWork.SubmitOrder@747ddf94]" name="addToCart" class="chethan.SeleniumFrameWork.SubmitOrder"/>
      </group> <!-- purchaseOrder -->
    </groups>
    <test started-at="2026-07-10T19:48:12 IST" name="Default test" finished-at="2026-07-10T19:48:40 IST" duration-ms="28210">
      <class name="chethan.SeleniumFrameWork.SubmitOrder">
        <test-method is-config="true" signature="launchApp()[pri:0, instance:chethan.SeleniumFrameWork.SubmitOrder@747ddf94]" started-at="2026-07-10T19:48:12 IST" name="launchApp" finished-at="2026-07-10T19:48:18 IST" duration-ms="6297" status="PASS">
          <reporter-output>
          </reporter-output>
        </test-method> <!-- launchApp -->
        <test-method signature="addToCart(java.util.HashMap)[pri:0, instance:chethan.SeleniumFrameWork.SubmitOrder@747ddf94]" started-at="2026-07-10T19:48:18 IST" name="addToCart" data-provider="getData" finished-at="2026-07-10T19:48:24 IST" duration-ms="6322" status="PASS">
          <params>
            <param index="0">
              <value>
                <![CDATA[{password=Chaithu@3, product=ZARA COAT 3, email=chethan1@gmail.com}]]>
              </value>
            </param>
          </params>
          <reporter-output>
          </reporter-output>
        </test-method> <!-- addToCart -->
        <test-method is-config="true" signature="terminate()[pri:0, instance:chethan.SeleniumFrameWork.SubmitOrder@747ddf94]" started-at="2026-07-10T19:48:24 IST" name="terminate" finished-at="2026-07-10T19:48:25 IST" duration-ms="313" status="PASS">
          <reporter-output>
          </reporter-output>
        </test-method> <!-- terminate -->
        <test-method is-config="true" signature="launchApp()[pri:0, instance:chethan.SeleniumFrameWork.SubmitOrder@747ddf94]" started-at="2026-07-10T19:48:25 IST" name="launchApp" finished-at="2026-07-10T19:48:28 IST" duration-ms="3568" status="PASS">
          <reporter-output>
          </reporter-output>
        </test-method> <!-- launchApp -->
        <test-method signature="addToCart(java.util.HashMap)[pri:0, instance:chethan.SeleniumFrameWork.SubmitOrder@747ddf94]" started-at="2026-07-10T19:48:28 IST" name="addToCart" data-provider="getData" finished-at="2026-07-10T19:48:35 IST" duration-ms="6600" status="PASS">
          <params>
            <param index="0">
              <value>
                <![CDATA[{password=Chaithu@mpl4, product=ADIDAS ORIGINAL, email=chethan12@gmail.com}]]>
              </value>
            </param>
          </params>
          <reporter-output>
          </reporter-output>
        </test-method> <!-- addToCart -->
        <test-method is-config="true" signature="terminate()[pri:0, instance:chethan.SeleniumFrameWork.SubmitOrder@747ddf94]" started-at="2026-07-10T19:48:35 IST" name="terminate" finished-at="2026-07-10T19:48:35 IST" duration-ms="270" status="PASS">
          <reporter-output>
          </reporter-output>
        </test-method> <!-- terminate -->
        <test-method is-config="true" signature="launchApp()[pri:0, instance:chethan.SeleniumFrameWork.SubmitOrder@747ddf94]" started-at="2026-07-10T19:48:35 IST" name="launchApp" finished-at="2026-07-10T19:48:39 IST" duration-ms="3684" status="PASS">
          <reporter-output>
          </reporter-output>
        </test-method> <!-- launchApp -->
        <test-method signature="orderItemVerification()[pri:0, instance:chethan.SeleniumFrameWork.SubmitOrder@747ddf94]" started-at="2026-07-10T19:48:39 IST" name="orderItemVerification" finished-at="2026-07-10T19:48:40 IST" depends-on-methods="chethan.SeleniumFrameWork.SubmitOrder.addToCart" duration-ms="740" status="PASS">
          <reporter-output>
          </reporter-output>
        </test-method> <!-- orderItemVerification -->
        <test-method is-config="true" signature="terminate()[pri:0, instance:chethan.SeleniumFrameWork.SubmitOrder@747ddf94]" started-at="2026-07-10T19:48:40 IST" name="terminate" finished-at="2026-07-10T19:48:40 IST" duration-ms="202" status="PASS">
          <reporter-output>
          </reporter-output>
        </test-method> <!-- terminate -->
      </class> <!-- chethan.SeleniumFrameWork.SubmitOrder -->
    </test> <!-- Default test -->
  </suite> <!-- Default suite -->
</testng-results>
