<?xml version="1.0" encoding="UTF-8"?>
<!-- Generated by org.testng.reporters.JUnitReportReporter -->
<testsuite hostname="LP2-AP-52182839" failures="0" tests="3" name="chethan.SeleniumFrameWork.SubmitOrder" time="28.233" errors="0" timestamp="2026-07-10T18:02:10 IST" skipped="0">
  <testcase classname="chethan.SeleniumFrameWork.SubmitOrder" name="orderItemVerification" time="5.057"/>
  <system-out/>
  <testcase classname="chethan.SeleniumFrameWork.SubmitOrder" name="addToCart" time="12.483"/>
  <system-out/>
  <testcase classname="chethan.SeleniumFrameWork.SubmitOrder" name="addToCart" time="10.693"/>
  <system-out/>
</testsuite> <!-- chethan.SeleniumFrameWork.SubmitOrder -->
