<?xml version="1.0" encoding="UTF-8"?>
<!-- Generated by org.testng.reporters.JUnitReportReporter -->
<testsuite hostname="LP2-AP-52182839" failures="0" tests="2" name="chethan.SeleniumFrameWork.SubmitOrder1" time="39.150" errors="0" timestamp="2026-05-29T14:43:24 IST" skipped="0">
  <testcase classname="chethan.SeleniumFrameWork.SubmitOrder1" name="addToCart" time="28.132"/>
  <system-out/>
  <testcase classname="chethan.SeleniumFrameWork.SubmitOrder1" name="addToCart" time="11.018"/>
  <system-out/>
</testsuite> <!-- chethan.SeleniumFrameWork.SubmitOrder1 -->
