<?xml version="1.0" encoding="UTF-8"?>
<!-- Generated by org.testng.reporters.JUnitReportReporter -->
<testsuite hostname="LP2-AP-52182839" failures="0" tests="3" name="chethan.SeleniumFrameWork.SubmitOrder" time="27.996" errors="0" timestamp="2026-07-10T19:48:40 IST" skipped="0">
  <testcase classname="chethan.SeleniumFrameWork.SubmitOrder" name="addToCart" time="10.486"/>
  <system-out/>
  <testcase classname="chethan.SeleniumFrameWork.SubmitOrder" name="addToCart" time="12.932"/>
  <system-out/>
  <testcase classname="chethan.SeleniumFrameWork.SubmitOrder" name="orderItemVerification" time="4.578"/>
  <system-out/>
</testsuite> <!-- chethan.SeleniumFrameWork.SubmitOrder -->
